[    0.000000] Initializing cgroup subsys cpuset
[    0.000000] Initializing cgroup subsys cpu
[    0.000000] Initializing cgroup subsys cpuacct
[    0.000000] Linux version 4.4.0-194-generic (buildd@lcy01-amd64-020) (gcc version 5.4.0 20160609 (Ubuntu 5.4.0-6ubuntu1~16.04.12) ) #226-Ubuntu SMP Wed Oct 21 10:19:36 UTC 2020 (Ubuntu 4.4.0-194.226-generic 4.4.236)
[    0.000000] Command line: BOOT_IMAGE=/boot/vmlinuz-4.4.0-194-generic root=LABEL=cloudimg-rootfs ro console=tty1 console=ttyS0
[    0.000000] KERNEL supported cpus:
[    0.000000]   Intel GenuineIntel
[    0.000000]   AMD AuthenticAMD
[    0.000000]   Centaur CentaurHauls
[    0.000000] x86/fpu: Supporting XSAVE feature 0x01: 'x87 floating point registers'
[    0.000000] x86/fpu: Supporting XSAVE feature 0x02: 'SSE registers'
[    0.000000] x86/fpu: Enabled xstate features 0x3, context size is 576 bytes, using 'standard' format.
[    0.000000] e820: BIOS-provided physical RAM map:
[    0.000000] BIOS-e820: [mem 0x0000000000000000-0x000000000009fbff] usable
[    0.000000] BIOS-e820: [mem 0x000000000009fc00-0x000000000009ffff] reserved
[    0.000000] BIOS-e820: [mem 0x00000000000f0000-0x00000000000fffff] reserved
[    0.000000] BIOS-e820: [mem 0x0000000000100000-0x000000001ffeffff] usable
[    0.000000] BIOS-e820: [mem 0x000000001fff0000-0x000000001fffffff] ACPI data
[    0.000000] BIOS-e820: [mem 0x00000000fec00000-0x00000000fec00fff] reserved
[    0.000000] BIOS-e820: [mem 0x00000000fee00000-0x00000000fee00fff] reserved
[    0.000000] BIOS-e820: [mem 0x00000000fffc0000-0x00000000ffffffff] reserved
[    0.000000] NX (Execute Disable) protection: active
[    0.000000] SMBIOS 2.5 present.
[    0.000000] Hypervisor detected: KVM
[    0.000000] e820: last_pfn = 0x1fff0 max_arch_pfn = 0x400000000
[    0.000000] MTRR: Disabled
[    0.000000] x86/PAT: MTRRs disabled, skipping PAT initialization too.
[    0.000000] CPU MTRRs all blank - virtualized system.
[    0.000000] x86/PAT: Configuration [0-7]: WB  WT  UC- UC  WB  WT  UC- UC  
[    0.000000] found SMP MP-table at [mem 0x0009fff0-0x0009ffff] mapped at [ffff88000009fff0]
[    0.000000] Scanning 1 areas for low memory corruption
[    0.000000] RAMDISK: [mem 0x1e897000-0x1f71ffff]
[    0.000000] ACPI: Early table checksum verification disabled
[    0.000000] ACPI: RSDP 0x00000000000E0000 000024 (v02 VBOX  )
[    0.000000] ACPI: XSDT 0x000000001FFF0030 00003C (v01 VBOX   VBOXXSDT 00000001 ASL  00000061)
[    0.000000] ACPI: FACP 0x000000001FFF00F0 0000F4 (v04 VBOX   VBOXFACP 00000001 ASL  00000061)
[    0.000000] ACPI: DSDT 0x000000001FFF0470 002324 (v02 VBOX   VBOXBIOS 00000002 INTL 20180105)
[    0.000000] ACPI: FACS 0x000000001FFF0200 000040
[    0.000000] ACPI: FACS 0x000000001FFF0200 000040
[    0.000000] ACPI: APIC 0x000000001FFF0240 000054 (v02 VBOX   VBOXAPIC 00000001 ASL  00000061)
[    0.000000] ACPI: SSDT 0x000000001FFF02A0 0001CC (v01 VBOX   VBOXCPUT 00000002 INTL 20180105)
[    0.000000] No NUMA configuration found
[    0.000000] Faking a node at [mem 0x0000000000000000-0x000000001ffeffff]
[    0.000000] NODE_DATA(0) allocated [mem 0x1ffeb000-0x1ffeffff]
[    0.000000] kvm-clock: Using msrs 4b564d01 and 4b564d00
[    0.000000] kvm-clock: cpu 0, msr 0:1ffe3001, primary cpu clock
[    0.000000] kvm-clock: using sched offset of 3430058746 cycles
[    0.000000] clocksource: kvm-clock: mask: 0xffffffffffffffff max_cycles: 0x1cd42e4dffb, max_idle_ns: 881590591483 ns
[    0.000000] Zone ranges:
[    0.000000]   DMA      [mem 0x0000000000001000-0x0000000000ffffff]
[    0.000000]   DMA32    [mem 0x0000000001000000-0x000000001ffeffff]
[    0.000000]   Normal   empty
[    0.000000]   Device   empty
[    0.000000] Movable zone start for each node
[    0.000000] Early memory node ranges
[    0.000000]   node   0: [mem 0x0000000000001000-0x000000000009efff]
[    0.000000]   node   0: [mem 0x0000000000100000-0x000000001ffeffff]
[    0.000000] Initmem setup node 0 [mem 0x0000000000001000-0x000000001ffeffff]
[    0.000000] ACPI: PM-Timer IO Port: 0x4008
[    0.000000] IOAPIC[0]: apic_id 1, version 32, address 0xfec00000, GSI 0-23
[    0.000000] ACPI: INT_SRC_OVR (bus 0 bus_irq 0 global_irq 2 dfl dfl)
[    0.000000] ACPI: INT_SRC_OVR (bus 0 bus_irq 9 global_irq 9 low level)
[    0.000000] Using ACPI (MADT) for SMP configuration information
[    0.000000] smpboot: Allowing 1 CPUs, 0 hotplug CPUs
[    0.000000] PM: Registered nosave memory: [mem 0x00000000-0x00000fff]
[    0.000000] PM: Registered nosave memory: [mem 0x0009f000-0x0009ffff]
[    0.000000] PM: Registered nosave memory: [mem 0x000a0000-0x000effff]
[    0.000000] PM: Registered nosave memory: [mem 0x000f0000-0x000fffff]
[    0.000000] e820: [mem 0x20000000-0xfebfffff] available for PCI devices
[    0.000000] Booting paravirtualized kernel on KVM
[    0.000000] clocksource: refined-jiffies: mask: 0xffffffff max_cycles: 0xffffffff, max_idle_ns: 7645519600211568 ns
[    0.000000] setup_percpu: NR_CPUS:512 nr_cpumask_bits:512 nr_cpu_ids:1 nr_node_ids:1
[    0.000000] PERCPU: Embedded 33 pages/cpu @ffff88001fc00000 s95512 r8192 d31464 u2097152
[    0.000000] Built 1 zonelists in Node order, mobility grouping on.  Total pages: 128888
[    0.000000] Policy zone: DMA32
[    0.000000] Kernel command line: BOOT_IMAGE=/boot/vmlinuz-4.4.0-194-generic root=LABEL=cloudimg-rootfs ro console=tty1 console=ttyS0
[    0.000000] PID hash table entries: 2048 (order: 2, 16384 bytes)
[    0.000000] Memory: 481712K/523832K available (8640K kernel code, 1337K rwdata, 4040K rodata, 1492K init, 1296K bss, 42120K reserved, 0K cma-reserved)
[    0.000000] SLUB: HWalign=64, Order=0-3, MinObjects=0, CPUs=1, Nodes=1
[    0.000000] Kernel/User page tables isolation: enabled
[    0.000000] Hierarchical RCU implementation.
[    0.000000] 	Build-time adjustment of leaf fanout to 64.
[    0.000000] 	RCU restricting CPUs from NR_CPUS=512 to nr_cpu_ids=1.
[    0.000000] RCU: Adjusting geometry for rcu_fanout_leaf=64, nr_cpu_ids=1
[    0.000000] NR_IRQS:33024 nr_irqs:256 16
[    0.000000] Console: colour VGA+ 80x25
[    0.000000] console [tty1] enabled
[    0.000000] console [ttyS0] enabled
[    0.000000] tsc: Detected 2400.042 MHz processor
[    0.197668] Calibrating delay loop (skipped) preset value.. 4800.08 BogoMIPS (lpj=9600168)
[    0.201065] pid_max: default: 32768 minimum: 301
[    0.202403] ACPI: Core revision 20150930
[    0.204473] ACPI: 2 ACPI AML tables successfully acquired and loaded
[    0.206028] Security Framework initialized
[    0.207093] Yama: becoming mindful.
[    0.208074] AppArmor: AppArmor initialized
[    0.209259] Dentry cache hash table entries: 65536 (order: 7, 524288 bytes)
[    0.211129] Inode-cache hash table entries: 32768 (order: 6, 262144 bytes)
[    0.212798] Mount-cache hash table entries: 1024 (order: 1, 8192 bytes)
[    0.214396] Mountpoint-cache hash table entries: 1024 (order: 1, 8192 bytes)
[    0.216195] Initializing cgroup subsys io
[    0.217332] Initializing cgroup subsys memory
[    0.218460] Initializing cgroup subsys devices
[    0.219597] Initializing cgroup subsys freezer
[    0.221022] Initializing cgroup subsys net_cls
[    0.222160] Initializing cgroup subsys perf_event
[    0.223346] Initializing cgroup subsys net_prio
[    0.224513] Initializing cgroup subsys hugetlb
[    0.225695] Initializing cgroup subsys pids
[    0.228218] mce: CPU supports 0 MCE banks
[    0.229337] process: using mwait in idle threads
[    0.230668] Last level iTLB entries: 4KB 64, 2MB 8, 4MB 8
[    0.231995] Last level dTLB entries: 4KB 64, 2MB 0, 4MB 0, 1GB 4
[    0.233491] Spectre V1 : Mitigation: usercopy/swapgs barriers and __user pointer sanitization
[    0.235633] Spectre V2 : Mitigation: Full generic retpoline
[    0.236991] Spectre V2 : Spectre v2 / SpectreRSB mitigation: Filling RSB on context switch
[    0.239316] Speculative Store Bypass: Vulnerable
[    0.240528] SRBDS: Unknown: Dependent on hypervisor status
[    0.241977] MDS: Mitigation: Clear CPU buffers
[    0.282193] Freeing SMP alternatives memory: 36K
[    0.292738] ftrace: allocating 32346 entries in 127 pages
[    0.377041] smpboot: APIC(0) Converting physical 0 to logical package 0
[    0.378818] smpboot: Max logical packages: 1
[    0.380247] x2apic enabled
[    0.381381] Switched APIC routing to physical x2apic.
[    0.384007] ..TIMER: vector=0x30 apic1=0 pin1=2 apic2=-1 pin2=-1
[    0.493513] APIC calibration not consistent with PM-Timer: 101ms instead of 100ms
[    0.495487] APIC delta adjusted to PM-Timer: 6250201 (6324637)
[    0.497058] smpboot: CPU0: Intel(R) Pentium(R) CPU 6405U @ 2.40GHz (family: 0x6, model: 0x8e, stepping: 0xc)
[    0.499706] Performance Events: unsupported p6 CPU model 142 no PMU driver, software events only.
[    0.516680] KVM setup paravirtual spinlock
[    0.518571] x86: Booted up 1 node, 1 CPUs
[    0.519646] smpboot: Total of 1 processors activated (4800.08 BogoMIPS)
[    0.521514] devtmpfs: initialized
[    0.524872] evm: security.selinux
[    0.525807] evm: security.SMACK64
[    0.526783] evm: security.SMACK64EXEC
[    0.527790] evm: security.SMACK64TRANSMUTE
[    0.528860] evm: security.SMACK64MMAP
[    0.529877] evm: security.ima
[    0.530737] evm: security.capability
[    0.532033] clocksource: jiffies: mask: 0xffffffff max_cycles: 0xffffffff, max_idle_ns: 7645041785100000 ns
[    0.534830] futex hash table entries: 256 (order: 2, 16384 bytes)
[    0.536499] pinctrl core: initialized pinctrl subsystem
[    0.538107] RTC time: 12:47:31, date: 11/12/20
[    0.539633] NET: Registered protocol family 16
[    0.541155] cpuidle: using governor ladder
[    0.542811] cpuidle: using governor menu
[    0.544093] PCCT header not found.
[    0.545865] ACPI: bus type PCI registered
[    0.546950] acpiphp: ACPI Hot Plug PCI Controller Driver version: 0.5
[    0.548588] PCI: Using configuration type 1 for base access
[    0.552361] ACPI: Added _OSI(Module Device)
[    0.553513] ACPI: Added _OSI(Processor Device)
[    0.554687] ACPI: Added _OSI(3.0 _SCP Extensions)
[    0.555886] ACPI: Added _OSI(Processor Aggregator Device)
[    0.557911] ACPI: Executed 1 blocks of module-level executable AML code
[    0.562791] ACPI: Interpreter enabled
[    0.563997] ACPI: (supports S0 S5)
[    0.565254] ACPI: Using IOAPIC for interrupt routing
[    0.567293] PCI: Using host bridge windows from ACPI; if necessary, use "pci=nocrs" and report a bug
[    0.574405] ACPI: PCI Root Bridge [PCI0] (domain 0000 [bus 00-ff])
[    0.575918] acpi PNP0A03:00: _OSC: OS supports [ASPM ClockPM Segments MSI]
[    0.577888] acpi PNP0A03:00: _OSC: not requesting OS control; OS requires [ExtendedConfig ASPM ClockPM MSI]
[    0.580506] acpi PNP0A03:00: fail to add MMCONFIG information, can't access extended PCI configuration space under this bridge.
[    0.583621] PCI host bridge to bus 0000:00
[    0.584709] pci_bus 0000:00: root bus resource [io  0x0000-0x0cf7 window]
[    0.586326] pci_bus 0000:00: root bus resource [io  0x0d00-0xffff window]
[    0.587910] pci_bus 0000:00: root bus resource [mem 0x000a0000-0x000bffff window]
[    0.590125] pci_bus 0000:00: root bus resource [mem 0x20000000-0xfdffffff window]
[    0.592090] pci_bus 0000:00: root bus resource [bus 00-ff]
[    0.595410] pci 0000:00:01.1: legacy IDE quirk: reg 0x10: [io  0x01f0-0x01f7]
[    0.597052] pci 0000:00:01.1: legacy IDE quirk: reg 0x14: [io  0x03f6]
[    0.598606] pci 0000:00:01.1: legacy IDE quirk: reg 0x18: [io  0x0170-0x0177]
[    0.612318] pci 0000:00:01.1: legacy IDE quirk: reg 0x1c: [io  0x0376]
[    0.625794] pci 0000:00:07.0: quirk: [io  0x4000-0x403f] claimed by PIIX4 ACPI
[    0.627755] pci 0000:00:07.0: quirk: [io  0x4100-0x410f] claimed by PIIX4 SMB
[    0.636730] ACPI: PCI Interrupt Link [LNKA] (IRQs 5 9 10 *11)
[    0.639150] ACPI: PCI Interrupt Link [LNKB] (IRQs 5 9 *10 11)
[    0.641135] ACPI: PCI Interrupt Link [LNKC] (IRQs 5 *9 10 11)
[    0.643079] ACPI: PCI Interrupt Link [LNKD] (IRQs 5 9 10 *11)
[    0.645282] ACPI: Enabled 2 GPEs in block 00 to 07
[    0.647025] vgaarb: setting as boot device: PCI:0000:00:02.0
[    0.648612] vgaarb: device added: PCI:0000:00:02.0,decodes=io+mem,owns=io+mem,locks=none
[    0.650923] vgaarb: loaded
[    0.651869] vgaarb: bridge control possible 0000:00:02.0
[    0.653570] SCSI subsystem initialized
[    0.654801] ACPI: bus type USB registered
[    0.655961] usbcore: registered new interface driver usbfs
[    0.657420] usbcore: registered new interface driver hub
[    0.659204] usbcore: registered new device driver usb
[    0.661071] PCI: Using ACPI for IRQ routing
[    0.663379] NetLabel: Initializing
[    0.664353] NetLabel:  domain hash size = 128
[    0.665470] NetLabel:  protocols = UNLABELED CIPSOv4
[    0.666769] NetLabel:  unlabeled traffic allowed by default
[    0.668447] amd_nb: Cannot enumerate AMD northbridges
[    0.669775] clocksource: Switched to clocksource kvm-clock
[    0.678047] AppArmor: AppArmor Filesystem Enabled
[    0.679384] pnp: PnP ACPI init
[    0.681741] pnp: PnP ACPI: found 3 devices
[    0.689565] clocksource: acpi_pm: mask: 0xffffff max_cycles: 0xffffff, max_idle_ns: 2085701024 ns
[    0.691786] NET: Registered protocol family 2
[    0.692984] TCP established hash table entries: 4096 (order: 3, 32768 bytes)
[    0.694478] TCP bind hash table entries: 4096 (order: 4, 65536 bytes)
[    0.695841] TCP: Hash tables configured (established 4096 bind 4096)
[    0.697236] UDP hash table entries: 256 (order: 1, 8192 bytes)
[    0.698715] UDP-Lite hash table entries: 256 (order: 1, 8192 bytes)
[    0.700217] NET: Registered protocol family 1
[    0.701365] pci 0000:00:00.0: Limiting direct PCI/PCI transfers
[    0.702841] pci 0000:00:01.0: Activating ISA DMA hang workarounds
[    0.704468] Unpacking initramfs...
[    1.010523] Freeing initrd memory: 14884K
[    1.011815] clocksource: tsc: mask: 0xffffffffffffffff max_cycles: 0x22985f34b9c, max_idle_ns: 440795232764 ns
[    1.014320] platform rtc_cmos: registered platform RTC device (no PNP device found)
[    1.016425] Scanning for low memory corruption every 60 seconds
[    1.018115] audit: initializing netlink subsys (disabled)
[    1.019773] audit: type=2000 audit(1605185257.257:1): initialized
[    1.021561] Initialise system trusted keyring
[    1.022818] HugeTLB registered 2 MB page size, pre-allocated 0 pages
[    1.025686] zbud: loaded
[    1.026909] VFS: Disk quotas dquot_6.6.0
[    1.028154] VFS: Dquot-cache hash table entries: 512 (order 0, 4096 bytes)
[    1.030044] squashfs: version 4.0 (2009/01/31) Phillip Lougher
[    1.031820] fuse init (API version 7.23)
[    1.034076] Key type big_key registered
[    1.035926] Allocating IMA MOK and blacklist keyrings.
[    1.037451] Key type asymmetric registered
[    1.038829] Asymmetric key parser 'x509' registered
[    1.040111] Block layer SCSI generic (bsg) driver version 0.4 loaded (major 249)
[    1.042085] io scheduler noop registered
[    1.043175] io scheduler deadline registered (default)
[    1.044488] io scheduler cfq registered
[    1.045615] pci_hotplug: PCI Hot Plug PCI Core version: 0.5
[    1.047033] pciehp: PCI Express Hot Plug Controller Driver version: 0.4
[    1.048874] ACPI: AC Adapter [AC] (on-line)
[    1.050072] input: Power Button as /devices/LNXSYSTM:00/LNXPWRBN:00/input/input0
[    1.052140] ACPI: Power Button [PWRF]
[    1.053220] input: Sleep Button as /devices/LNXSYSTM:00/LNXSLPBN:00/input/input1
[    1.055215] ACPI: Sleep Button [SLPF]
[    1.057004] ACPI: Battery Slot [BAT0] (battery present)
[    1.058606] GHES: HEST is not enabled!
[    1.060020] Serial: 8250/16550 driver, 32 ports, IRQ sharing enabled
[    1.082770] 00:02: ttyS0 at I/O 0x3f8 (irq = 4, base_baud = 115200) is a 16550A
[    1.086782] Linux agpgart interface v0.103
[    1.089853] loop: module loaded
[    1.091426] scsi host0: ata_piix
[    1.092437] scsi host1: ata_piix
[    1.093415] ata1: PATA max UDMA/33 cmd 0x1f0 ctl 0x3f6 bmdma 0xd000 irq 14
[    1.095049] ata2: PATA max UDMA/33 cmd 0x170 ctl 0x376 bmdma 0xd008 irq 15
[    1.097319] libphy: Fixed MDIO Bus: probed
[    1.098449] tun: Universal TUN/TAP device driver, 1.6
[    1.099827] tun: (C) 1999-2004 Max Krasnyansky <maxk@qualcomm.com>
[    1.101353] PPP generic driver version 2.4.2
[    1.102566] ehci_hcd: USB 2.0 'Enhanced' Host Controller (EHCI) Driver
[    1.104105] ehci-pci: EHCI PCI platform driver
[    1.105266] ehci-platform: EHCI generic platform driver
[    1.106787] ohci_hcd: USB 1.1 'Open' Host Controller (OHCI) Driver
[    1.108275] ohci-pci: OHCI PCI platform driver
[    1.109438] ohci-platform: OHCI generic platform driver
[    1.110862] uhci_hcd: USB Universal Host Controller Interface driver
[    1.112442] i8042: PNP: PS/2 Controller [PNP0303:PS2K,PNP0f03:PS2M] at 0x60,0x64 irq 1,12
[    1.115109] serio: i8042 KBD port at 0x60,0x64 irq 1
[    1.116464] serio: i8042 AUX port at 0x60,0x64 irq 12
[    1.117840] mousedev: PS/2 mouse device common for all mice
[    1.119532] input: AT Translated Set 2 keyboard as /devices/platform/i8042/serio0/input/input2
[    1.122180] rtc_cmos rtc_cmos: rtc core: registered rtc_cmos as rtc0
[    1.123754] rtc_cmos rtc_cmos: alarms up to one day, 114 bytes nvram
[    1.125260] i2c /dev entries driver
[    1.126515] device-mapper: uevent: version 1.0.3
[    1.127805] device-mapper: ioctl: 4.34.0-ioctl (2015-10-28) initialised: dm-devel@redhat.com
[    1.129949] ledtrig-cpu: registered to indicate activity on CPUs
[    1.131788] NET: Registered protocol family 10
[    1.133124] NET: Registered protocol family 17
[    1.134330] Key type dns_resolver registered
[    1.135672] registered taskstats version 1
[    1.136888] Loading compiled-in X.509 certificates
[    1.138838] Loaded X.509 cert 'Build time autogenerated kernel key: 12717d7bded22cc9f4c9021cf049cb5c0a2cb7b0'
[    1.141276] zswap: loaded using pool lzo/zbud
[    1.144124] Key type trusted registered
[    1.148503] Key type encrypted registered
[    1.149640] AppArmor: AppArmor sha1 policy hashing enabled
[    1.151128] ima: No TPM chip found, activating TPM-bypass!
[    1.152487] ima: Allocated hash algorithm: sha1
[    1.153657] evm: HMAC attrs: 0x1
[    1.155257]   Magic number: 12:440:784
[    1.156471] rtc_cmos rtc_cmos: setting system clock to 2020-11-12 12:47:32 UTC (1605185252)
[    1.158976] BIOS EDD facility v0.16 2004-Jun-25, 0 devices found
[    1.160556] EDD information not available.
[    1.278063] Freeing unused kernel memory: 1492K
[    1.280200] Write protecting the kernel read-only data: 14336k
[    1.282424] Freeing unused kernel memory: 1588K
[    1.284174] Freeing unused kernel memory: 56K
Loading, please wait...
starting version 229
[    1.305773] random: udevadm: uninitialized urandom read (16 bytes read, 3 bits of entropy available)
[    1.308713] random: systemd-udevd: uninitialized urandom read (16 bytes read, 3 bits of entropy available)
[    1.323657] random: udevadm: uninitialized urandom read (16 bytes read, 3 bits of entropy available)
[    1.340998] random: systemd-udevd: uninitialized urandom read (16 bytes read, 3 bits of entropy available)
[    1.345809] random: udevadm: uninitialized urandom read (16 bytes read, 3 bits of entropy available)
[    1.348875] random: systemd-udevd: uninitialized urandom read (16 bytes read, 3 bits of entropy available)
[    1.352520] random: udevadm: uninitialized urandom read (16 bytes read, 3 bits of entropy available)
[    1.354914] random: systemd-udevd: uninitialized urandom read (16 bytes read, 3 bits of entropy available)
[    1.358256] random: systemd-udevd: uninitialized urandom read (16 bytes read, 3 bits of entropy available)
[    1.361010] random: udevadm: uninitialized urandom read (16 bytes read, 3 bits of entropy available)
[    1.496062] e1000: Intel(R) PRO/1000 Network Driver - version 7.3.21-k8-NAPI
[    1.500023] e1000: Copyright (c) 1999-2006 Intel Corporation.
[    1.509057] Fusion MPT base driver 3.04.20
[    1.510902] Copyright (c) 1999-2008 LSI Corporation
[    1.537985] Fusion MPT SPI Host driver 3.04.20
[    1.579688] SSE version of gcm_enc/dec engaged.
[    1.735342] input: ImExPS/2 Generic Explorer Mouse as /devices/platform/i8042/serio1/input/input4
[    2.028936] e1000 0000:00:03.0 eth0: (PCI:33MHz:32-bit) 02:33:d8:26:40:e9
[    2.030943] e1000 0000:00:03.0 eth0: Intel(R) PRO/1000 Network Connection
[    2.034022] mptbase: ioc0: Initiating bringup
[    2.098086] ioc0: LSI53C1030 A0: Capabilities={Initiator}
[    2.261369] scsi host2: ioc0: LSI53C1030 A0, FwRev=00000000h, Ports=1, MaxQ=256, IRQ=20
[    2.375722] scsi 2:0:0:0: Direct-Access     VBOX     HARDDISK         1.0  PQ: 0 ANSI: 5
[    2.383293] scsi target2:0:0: Beginning Domain Validation
[    2.387609] scsi target2:0:0: Domain Validation skipping write tests
[    2.389505] scsi target2:0:0: Ending Domain Validation
[    2.391313] scsi target2:0:0: asynchronous
[    2.393905] scsi 2:0:1:0: Direct-Access     VBOX     HARDDISK         1.0  PQ: 0 ANSI: 5
[    2.396442] scsi target2:0:1: Beginning Domain Validation
[    2.399800] scsi target2:0:1: Domain Validation skipping write tests
[    2.402650] scsi target2:0:1: Ending Domain Validation
[    2.410971] scsi target2:0:1: asynchronous
[    2.515265] sd 2:0:0:0: [sda] 20971520 512-byte logical blocks: (10.7 GB/10.0 GiB)
[    2.531119] sd 2:0:0:0: Attached scsi generic sg0 type 0
[    2.533022] sd 2:0:1:0: [sdb] 20480 512-byte logical blocks: (10.5 MB/10.0 MiB)
[    2.538578] sd 2:0:1:0: Attached scsi generic sg1 type 0
[    2.547992] sd 2:0:1:0: [sdb] Write Protect is off
[    2.555561] sd 2:0:1:0: [sdb] Incomplete mode parameter data
[    2.558576] sd 2:0:1:0: [sdb] Assuming drive cache: write through
[    2.570781] sd 2:0:0:0: [sda] Write Protect is off
[    2.577397] sd 2:0:0:0: [sda] Incomplete mode parameter data
[    2.578955] sd 2:0:0:0: [sda] Assuming drive cache: write through
[    2.586040] sd 2:0:1:0: [sdb] Attached SCSI disk
[    2.587514]  sda: sda1
[    2.588915] sd 2:0:0:0: [sda] Attached SCSI disk
[    2.838867] e1000 0000:00:08.0 eth1: (PCI:33MHz:32-bit) 08:00:27:c0:fb:4a
[    2.840471] e1000 0000:00:08.0 eth1: Intel(R) PRO/1000 Network Connection
[    2.843566] e1000 0000:00:08.0 enp0s8: renamed from eth1
[    2.846826] e1000 0000:00:03.0 enp0s3: renamed from eth0
Begin: Loading essential drivers ... [    4.543090] md: linear personality registered for level -1
[    4.566109] md: multipath personality registered for level -4
[    4.585204] md: raid0 personality registered for level 0
[    4.614010] md: raid1 personality registered for level 1
[    4.702411] raid6: sse2x1   gen()  2921 MB/s
[    4.770943] raid6: sse2x1   xor()  2838 MB/s
[    4.837814] raid6: sse2x2   gen()  7537 MB/s
[    4.907758] raid6: sse2x2   xor()  5028 MB/s
[    4.980497] raid6: sse2x4   gen()  8304 MB/s
[    5.051586] raid6: sse2x4   xor()  4967 MB/s
[    5.053682] raid6: using algorithm sse2x4 gen() 8304 MB/s
[    5.055040] raid6: .... xor() 4967 MB/s, rmw enabled
[    5.057179] raid6: using ssse3x2 recovery algorithm
[    5.062108] xor: measuring software checksum speed
[    5.110162]    prefetch64-sse: 18053.000 MB/sec
[    5.165551]    generic_sse: 18929.000 MB/sec
[    5.167288] xor: using function: generic_sse (18929.000 MB/sec)
[    5.170655] async_tx: api initialized (async)
[    5.190596] md: raid6 personality registered for level 6
[    5.192131] md: raid5 personality registered for level 5
[    5.195126] md: raid4 personality registered for level 4
[    5.205308] md: raid10 personality registered for level 10
done.
Begin: Running /scripts/init-premount ... done.
Begin: Mounting root file system ... Begin: Running /scripts/local-top ... done.
Begin: Running /scripts/local-premount ... [    5.254005] Btrfs loaded
Scanning for Btrfs filesystems
done.
Warning: fsck not present, so skipping root file system
[    5.295248] EXT4-fs (sda1): mounted filesystem with ordered data mode. Opts: (null)
done.
Begin: Running /scripts/local-bottom ... done.
Begin: Running /scripts/init-bottom ... done.
[    5.402377] systemd[1]: systemd 229 running in system mode. (+PAM +AUDIT +SELINUX +IMA +APPARMOR +SMACK +SYSVINIT +UTMP +LIBCRYPTSETUP +GCRYPT +GNUTLS +ACL +XZ -LZ4 +SECCOMP +BLKID +ELFUTILS +KMOD -IDN)
[    5.407170] systemd[1]: Detected virtualization oracle.
[    5.409919] systemd[1]: Detected architecture x86-64.

Welcome to [1mUbuntu 16.04.7 LTS[0m!

[    5.438489] systemd[1]: Set hostname to <ubuntu>.
[    5.442652] systemd[1]: Initializing machine ID from random generator.
[    5.446399] systemd[1]: Installed transient /etc/machine-id file.
[    5.791301] systemd[1]: Reached target Swap.
[[0;32m  OK  [0m] Reached target Swap.
[    5.795905] systemd[1]: Listening on Journal Socket.
[[0;32m  OK  [0m] Listening on Journal Socket.
[    5.798953] systemd[1]: Listening on /dev/initctl Compatibility Named Pipe.
[[0;32m  OK  [0m] Listening on /dev/initctl Compatibility Named Pipe.
[    5.804981] systemd[1]: Set up automount Arbitrary Executable File Formats File System Automount Point.
[[0;32m  OK  [0m] Set up automount Arbitrary Executab...ats File System Automount Point.
[    5.817863] systemd[1]: Listening on udev Control Socket.
[[0;32m  OK  [0m] Listening on udev Control Socket.
[    5.823349] systemd[1]: Reached target Encrypted Volumes.
[[0;32m  OK  [0m] Reached target Encrypted Volumes.
[    5.828210] systemd[1]: Listening on Journal Socket (/dev/log).
[[0;32m  OK  [0m] Listening on Journal Socket (/dev/log).
[    5.834793] systemd[1]: Created slice User and Session Slice.
[[0;32m  OK  [0m] Created slice User and Session Slice.
[    5.839413] systemd[1]: Started Trigger resolvconf update for networkd DNS.
[[0;32m  OK  [0m] Started Trigger resolvconf update for networkd DNS.
[    5.845672] systemd[1]: Listening on LVM2 metadata daemon socket.
[[0;32m  OK  [0m] Listening on LVM2 metadata daemon socket.
[    5.852009] systemd[1]: Created slice System Slice.
[[0;32m  OK  [0m] Created slice System Slice.
[    5.857978] systemd[1]: Starting Set console keymap...
         Starting Set console keymap...
[    5.869435] systemd[1]: Starting Remount Root and Kernel File Systems...
         Starting Remount Root and Kernel File Systems...
[    5.882389] systemd[1]: Mounting Debug File System...
         Mounting Debug File System...
[    5.891822] systemd[1]: Created slice system-serial\x2dgetty.slice.
[    5.896972] EXT4-fs (sda1): re-mounted. Opts: (null)
[[0;32m  OK  [0m] Created slice system-serial\x2dgetty.slice.
[    5.910805] systemd[1]: Starting Load Kernel Modules...
         Starting Load Kernel Modules...
[    5.920445] systemd[1]: Starting Create list of required static device nodes for the current kernel...
[    5.928938] Loading iSCSI transport class v2.0-870.
         Starting Create list of required st... nodes for the current kernel...
[    5.934508] systemd[1]: Starting Nameserver information manager...
         Starting Nameserver information manager...
[    5.938791] systemd[1]: Starting Uncomplicated firewall...
         Starting Uncomplicated firewall...
[    5.960443] systemd[1]: Mounting POSIX Message Queue File System...
         Mounting POSIX Message Queue File System...
[    5.965288] systemd[1]: Listening on Syslog Socket.
[[0;32m  OK  [0m] Listening on Syslog Socket.
[    5.967877] systemd[1]: Listening on Journal Audit Socket.
[[0;32m  OK  [0m] Listening on Journal Audit Socket.
[    5.990218] systemd[1]: Starting Journal Service...
         Starting Journal Service...
[    5.996468] systemd[1]: Reached target System Time Synchronized.
[[0;32m  OK  [0m] Reached target System Time Synchronized.
[    6.001609] systemd[1]: Started Forward Password Requests to Wall Directory Watch.
[[0;32m  OK  [0m] Started Forward Password Requests to Wall Directory Watch.
[    6.006153] systemd[1]: Listening on udev Kernel Socket.
[[0;32m  OK  [0m] Listening on udev Kernel Socket.
[    6.011352] systemd[1]: Reached target Slices.
[[0;32m  OK  [0m] Reached target Slices.
[    6.015640] systemd[1]: Listening on LVM2 poll daemon socket.
[[0;32m  OK  [0m] Listening on LVM2 poll daemon socket.
[    6.024256] systemd[1]: Listening on Device-mapper event daemon FIFOs.
[    6.029209] iscsi: registered transport (tcp)
[[0;32m  OK  [0m[    6.032540] random: nonblocking pool is initialized
] Listening on Device-mapper event daemon FIFOs.
[    6.035627] systemd[1]: Mounting Huge Pages File System...
         Mounting Huge Pages File System...
[    6.052146] systemd[1]: Reached target User and Group Name Lookups.
[[0;32m  OK  [0m] Reached target User and Group Name Lookups.
[    6.056261] systemd[1]: Starting Monitoring of LVM2 mirrors, snapshots etc. using dmeventd or progress polling...
         Starting Monitoring of LVM2 mirrors... dmeventd or progress polling...
[    6.079323] systemd[1]: Mounted Huge Pages File System.
[[0;32m  OK  [0m] Mounted Huge Pages File System.
[    6.082140] systemd[1]: Mounted POSIX Message Queue File System.
[[0;32m  OK  [0m] Mounted POSIX Message Queue File System.
[    6.086318] systemd[1]: Mounted Debug File System.
[[0;32m  OK  [0m] Mounted Debug File System.
[    6.088944] systemd[1]: Started Journal Service.
[[0;32m  OK  [0m] Started Journal Service.
[[0;32m  OK  [0m] Started Set console keymap.
[[0;32m  OK  [0m] Started Remount Root and Kernel File Systems.
[[0;32m  OK  [0m] Started Create list of required sta...ce nodes for the current kernel.
[[0;32m  OK  [0m] Started Uncomplicated firewall.
         Starting Create Static Device Nodes in /dev...
         Starting Load/Save Random Seed...
         Starting udev Coldplug all Devices...
         Starting Flush Journal to Persistent Storage...
[[0;32m  OK  [0m] Started Nameserver information manager.
[[0;32m  OK  [0m] Started LVM2 metadata daemon.
[[0;32m  OK  [0m] Started Load/Save Random Seed.
[    6.175845] systemd-journald[403]: Received request to flush runtime journal from PID 1
[[0;32m  OK  [0m] Started Flush Journal to Persistent Storage.
[[0;32m  OK  [0m] Started Create Static Device Nodes in /dev.
         Starting udev Kernel Device Manager...
[    6.246569] iscsi: registered transport (iser)
[[0;32m  OK  [0m] Started Monitoring of LVM2 mirrors,...ng dmeventd or progress polling.
[[0;32m  OK  [0m] Started Load Kernel Modules.
         Mounting FUSE Control File System...
         Starting Apply Kernel Variables...
[[0;32m  OK  [0m] Reached target Local File Systems (Pre).
[[0;32m  OK  [0m] Reached target Local File Systems.
         Starting LSB: AppArmor initialization...
         Starting Set console font and keymap...
         Starting Commit a transient machine-id on disk...
         Starting Tell Plymouth To Write Out Runtime Data...
         Starting Create Volatile Files and Directories...
         Starting Initial cloud-init job (pre-networking)...
[[0;32m  OK  [0m] Mounted FUSE Control File System.
[[0;32m  OK  [0m] Started Apply Kernel Variables.
[[0;32m  OK  [0m] Started Tell Plymouth To Write Out Runtime Data.
[[0;32m  OK  [0m] Started Commit a transient machine-id on disk.
[[0;32m  OK  [0m] Started udev Kernel Device Manager.
[[0;32m  OK  [0m] Started Create Volatile Files and Directories.
         Starting Update UTMP about System Boot/Shutdown...
[[0;32m  OK  [0m] Started Update UTMP about System Boot/Shutdown.
[[0;32m  OK  [0m] Started udev Coldplug all Devices.
[[0;32m  OK  [0m] Started Dispatch Password Requests to Console Directory Watch.
[[0;32m  OK  [0m] Found device /dev/ttyS0.
[[0;32m  OK  [0m] Started Set console font and keymap.
[[0;32m  OK  [0m] Created slice system-getty.slice.
[[0;32m  OK  [0m] Listening on Load/Save RF Kill Switch Status /dev/rfkill Watch.
[    9.145570] cloud-init[488]: Cloud-init v. 20.3-2-g371b392c-0ubuntu1~16.04.1 running 'init-local' at Thu, 12 Nov 2020 12:47:39 +0000. Up 8.11 seconds.
[[0;32m  OK  [0m] Started Initial cloud-init job (pre-networking).
[[0;32m  OK  [0m] Reached target Network (Pre).
[[0;32m  OK  [0m] Started LSB: AppArmor initialization.
         Starting Load AppArmor profiles managed internally by snapd...
         Starting Raise network interfaces...
[[0;32m  OK  [0m] Started Load AppArmor profiles managed internally by snapd.
[[0;32m  OK  [0m] Started Raise network interfaces.
[[0;32m  OK  [0m] Reached target Network.
         Starting Initial cloud-init job (metadata service crawler)...
[   11.273693] cloud-init[972]: Cloud-init v. 20.3-2-g371b392c-0ubuntu1~16.04.1 running 'init' at Thu, 12 Nov 2020 12:47:42 +0000. Up 10.54 seconds.
[   11.276284] cloud-init[972]: ci-info: ++++++++++++++++++++++++++++++++++++++Net device info+++++++++++++++++++++++++++++++++++++++
[   11.280359] cloud-init[972]: ci-info: +--------+-------+----------------------------+---------------+--------+-------------------+
[   11.284338] cloud-init[972]: ci-info: | Device |   Up  |          Address           |      Mask     | Scope  |     Hw-Address    |
[   11.296478] cloud-init[972]: ci-info: +--------+-------+----------------------------+---------------+--------+-------------------+
[   11.298820] cloud-init[972]: ci-info: | enp0s3 |  True |         10.0.2.15          | 255.255.255.0 | global | 02:33:d8:26:40:e9 |
[   11.301516] cloud-init[972]: ci-info: | enp0s3 |  True | fe80::33:d8ff:fe26:40e9/64 |       .       |  link  | 02:33:d8:26:40:e9 |
[   11.303756] cloud-init[972]: ci-info: | enp0s8 | False |             .              |       .       |   .    | 08:00:27:c0:fb:4a |
[   11.321536] cloud-init[972]: ci-info: |   lo   |  True |         127.0.0.1          |   255.0.0.0   |  host  |         .         |
[   11.323561] cloud-init[972]: ci-info: |   lo   |  True |          ::1/128           |       .       |  host  |         .         |
[   11.341217] cloud-init[972]: ci-info: +--------+-------+----------------------------+---------------+--------+-------------------+
[   11.343252] cloud-init[972]: ci-info: +++++++++++++++++++++++++++Route IPv4 info++++++++++++++++++++++++++++
[   11.353419] cloud-init[972]: ci-info: +-------+-------------+----------+---------------+-----------+-------+
[[0;32m  OK  [0m] Started Initial cloud-init job (metadata service crawler).
[[0;32m  OK  [0m] Reached target Network is Online.
[   11.362178] cloud-init[972]: ci-info: | Route | Destination | Gateway  |    Genmask    | Interface | Flags |
         Starting iSCSI initiator daemon (iscsid)...
[[0;32m  OK  [0m] Reached target System Initialization.
[   11.368123] cloud-init[972]: ci-info: +-------+-------------+----------+---------------+-----------+-------+
[[0;32m  OK  [0m] Started Message of the Day.
[[0;32m  OK  [0m] Listening on UUID daemon activation socket.
         Starting Socket activation for snappy daemon.[   11.377381] cloud-init[972]: ci-info: |   0   |   0.0.0.0   | 10.0.2.2 |    0.0.0.0    |   enp0s3  |   UG  |
[[0;32m  OK  [0m] Listening on ACPID Listen Socket.
[[0;32m  OK  [0m] Started Daily apt download activities.
[[0;32m  OK  [0m] Started Daily apt upgrade and clean activities.

[   11.386650] cloud-init[972]: ci-info: |   1   |   10.0.2.0  | 0.0.0.0  | 255.255.255.0 |   enp0s3  |   U   |
[   11.388372] cloud-init[972]: ci-info: +-------+-------------+----------+---------------+-----------+-------+
[[0;32m  OK  [0m] Started ACPI Events Check.
[[0;32m  OK  [0m] Reached target Paths.
[   11.393207] cloud-init[972]: ci-info: +++++++++++++++++++Route IPv6 info+++++++++++++++++++
[[0;32m  OK  [0m] Started Daily Cleanup of Temporary Directories.
[[0;32m  OK  [0m] Reached target Timers.
[   11.396258] cloud-init[972]: ci-info: +-------+-------------+---------+-----------+-------+
[   11.407548] cloud-init[[0;32m  OK  [0m] Listening on D-Bus System Message Bus Socket.
[972]: ci-info: | Route | Destination | Gateway | Interface | Flags |         Starting LXD - unix socket.
[[0;32m  OK  [0m] Reached target Cloud-config availability.

[   11.412459] cloud-init[972]: ci-info: +-------+-------------+---------+-----------+-------+
[   11.415417] cloud-init[972]: [[0;32m  OK  [0m] Listening on Socket activation for snappy daemon.
[[0;32m  OK  [0m] Listening on LXD - unix socket.
[[0;32m  OK  [0m] Reached target Sockets.
[[0;32m  OK  [0m] Reached target Basic System.ci-info: |   0   |  fe80::/64  |    ::   |   enp0s3  |   U   |
[   11.420944] cloud-init[972]: ci-info: |   3   |   ff00::/8  |    ::   |   enp0s3  |   U   |
[   11.422183] cloud-init[972]: ci-info: +-------+-------------+---------+-----------+-------+
[   11.423396] cloud-init[972]: Generating public/private rsa key pair.
         Starting System Logging Service...
         Starting Accounts Service...
[   11.428842] cloud-init[972]: Your identification has been saved in /etc/ssh/ssh_host_rsa_key.
[   11.430630] cloud-init[972]: 
Your public key has been saved in /etc/ssh/ssh_host_rsa_key.pub.[[0;32m  OK  [0m] Started D-Bus System Message Bus.

[   11.451563] cloud-init[972]: The key fingerprint is:
[   11.461689] cloud-init[972]: SHA256:6omLCetcL6OZjBO0ZCyN+i1ptYvXMAbCpJh/cBp97a4 root@ubuntu-xenial
[   11.469722] cloud-init[972]: The key's randomart image is:
[   11.473540] cloud-init[972]: +---[RSA 2048]----+
[   11.476218] cloud-init[972]: |                 |
         Starting Pollinate to seed the pseudo random number generator...
[[0;32m  OK  [0m] Started FUSE filesystem for LXC.
[   11.478399] cloud-init[972]: | .               |
[[0;32m  OK  [0m] Started ACPI event daemon.
         Starting Login Service...
         Starting LSB: Record successful boot for GRUB...
         Starting LXD - container startup/shutdown...
         Starting /etc/rc.local Compatibility...
[[0;32m  OK  [0m] Started Deferred execution scheduler.
         Starting Virtualbox guest utils...
[[0;32m  OK  [0m] Started Regular background program processing daemon.
         Starting LSB: MD monitoring daemon...
         Starting Snap Daemon...
[[0;32m  OK  [0m] Started System Logging Service.
[[0;32m  OK  [0m] Started iSCSI initiator daemon (iscsid).
[[0;32m  OK  [0m] Started /etc/rc.local Compatibility.
         Starting Login to default iSCSI targets...
[[0;32m  OK  [0m] Started Login Service.
[[0;32m  OK  [0m] Started Unattended Upgrades Shutdown.
[   11.593379] cloud-init[972]: |*+ .   .         |
         Starting Authenticate and Authorize Users to Run Privileged Tasks...
[[0;32m  OK  [0m] Started Login to default iSCSI targets.
[[0;32m  OK  [0m] Reached target Remote File Systems (Pre).
[[0;32m  OK  [0m] Reached target Remote File Systems.
         [   11.636407] cloud-init[972]: |B*= o . .        |
Starting LSB: daemon to balance interrupts for SMP systems...
         Starting LSB: Set the CPU Frequency Scaling governor to "ondemand"...
         Starting LSB: automatic crash report generation...
         Starting Permit User Sessions...
[[0;32m  OK  [0m] Started Permit User Sessions.
         Starting Terminate Plymouth Boot Screen...
         Starting Hold until boot process finishes up...
[[0;32m  OK  [0m] Started Hold until boot process finishes up.
         Starting Set console scheme...
[[0;32m  OK  [0m] Started Serial Getty on ttyS0.
[   11.719929] cloud-init[972]: |*o.* . .S        |
[[0;32m  OK  [0m] Started Getty on tty1.
[[0;32m  OK  [0m] Reached target Login Prompts.
[[0;32m  OK  [0m] Started Terminate Plymouth Boot Screen.
[[0;32m  OK  [0m] Started Set console scheme.
[   11.745256] cloud-init[972]: |o.o *  ..        |
[   11.761694] cloud-init[972]: |.o B =..         |
[   11.786536] cloud-init[972]: |=oO*=o...        |
[   11.788820] cloud-init[972]: |+X=o*+E.         |
[   11.805614] cloud-init[972]: +----[SHA256]-----+
[[0;32m  OK  [0m] Started LSB: Set the CPU Frequency Scaling governor to "ondemand".
[   11.825191] cloud-init[972]: Generating public/private dsa key pair.
[[0;32m  OK  [0m] Started Authenticate and Authorize Users to Run Privileged Tasks.
[[0;32m  OK  [0m] Started LSB: MD monitoring daemon.
[[0;32m  OK  [0m] Started Accounts Service.
[   11.852735] cloud-init[972]: Your identification has been saved in /etc/ssh/ssh_host_dsa_key.
[[0;32m  OK  [0m] Started LSB: Record successful boot for GRUB.
[   11.876447] cloud-init[972]: Your public key has been saved in /etc/ssh/ssh_host_dsa_key.pub.[[0;32m  OK  [0m] Started LSB: automatic crash report generation.

[[0;32m  OK  [0m] Started LSB: daemon to balance interrupts for SMP systems.
[   11.927013] cloud-init[972]: The key fingerprint is:
[   11.949861] cloud-init[972]: SHA256:SmIo7xOCnG175BcBzNZTV+cibFab3wvf6MR40o09PpA root@ubuntu-xenial
[[0;32m  OK  [0m] Started LXD - container startup/shutdown.
[   11.954825] cloud-init[972]: The key's randomart image is:
[   11.977233] cloud-init[972]: +---[DSA 1024]----+
[   11.980525] cloud-init[972]: |    o . .. ..o . |
[   11.986186] cloud-init[972]: |     = o  o . =  |
[   11.991726] cloud-init[972]: |    . . .  = + . |
[   12.021261] cloud-init[972]: |   .   .  o . o .|
[   12.027232] cloud-init[972]: |+ + o . S    ....|
[   12.039614] cloud-init[972]: |o=.+ + o     Eo=o|
[   12.044799] cloud-init[972]: | .o.+ . .   o O++|
[   12.054500] cloud-init[972]: | ... o .     =...|
[   12.071822] cloud-init[972]: |  ... .       ...|
[   12.081793] cloud-init[972]: +----[SHA256]-----+
[[0;32m  OK  [0m] Started Virtualbox guest utils.[   12.092697] cloud-init[972]: Generating public/private ecdsa key pair.
[   12.094049] cloud-init[972]: Your identification has been saved in /etc/ssh/ssh_host_ecdsa_key.
[   12.094999] cloud-init[972]: Your public key has been saved in /etc/ssh/ssh_host_ecdsa_key.pub.
[   12.095087] cloud-init[972]: The key fingerprint is:

[   12.104479] cloud-init[972]: SHA256:+GBeRaetdyRkrGCaj6D5Me5yNwmYzdrzy2iQq3XNrb4 root@ubuntu-xenial
[   12.114348] cloud-init[972]: The key's randomart image is:
[   12.123875] cloud-init[972]: +---[ECDSA 256]---+
[   12.144407] cloud-init[972]: |          ..+    |
[   12.156504] cloud-init[972]: |        o. *.    |
[   12.158703] cloud-init[972]: |       + .o.o .  |
[   12.161797] cloud-init[972]: |    . o. ... o   |
[   12.166247] cloud-init[972]: |   O .+oS . . .  |
[   12.168091] cloud-init[972]: |  B *=.=.  . .   |
[   12.172841] cloud-init[972]: |  .B.++.o        |
[   12.176222] cloud-init[972]: | .+.Bo+.         |
[   12.179428] cloud-init[972]: |.. =o=E+         |
[   12.182676] cloud-init[972]: +----[SHA256]-----+
[   12.187021] cloud-init[972]: Generating public/private ed25519 key pair.
[   12.205696] cloud-init[972]: Your identification has been saved in /etc/ssh/ssh_host_ed25519_key.
[   12.214267] cloud-init[972]: Your public key has been saved in /etc/ssh/ssh_host_ed25519_key.pub.
[   12.235641] cloud-init[972]: The key fingerprint is:
[   12.245652] cloud-init[972]: SHA256:0aLnLNrWv0VTOkXMkxWbo+Flaob/JFJKj1p7L1D/rVQ root@ubuntu-xenial
[   12.272217] cloud-init[972]: The key's randomart image is:
[   12.278185] cloud-init[972]: +--[ED25519 256]--+
[   12.288998] cloud-init[972]: |             o.+o|
[   12.302085] cloud-init[972]: |         .   .= o|
[   12.305671] cloud-init[972]: |        o .  .oB |
[   12.309340] cloud-init[972]: |       . o  o=* .|
[   12.311530] cloud-init[972]: |      . S  o*B. E|
[   12.314009] cloud-init[972]: |       +  .oOo o |
[   12.331672] cloud-init[972]: |      ..o  =o+..o|
[   12.334016] cloud-init[972]: |     o... o.o++ o|
[   12.335864] cloud-init[972]: |    ...  ooo. ++ |
[   12.345799] cloud-init[972]: +----[SHA256]-----+
[[0;32m  OK  [0m] Started Snap Daemon.
         Starting Wait until snapd is fully seeded...
[[0;32m  OK  [0m] Started Pollinate to seed the pseudo random number generator.
         Starting OpenBSD Secure Shell server...
[[0;32m  OK  [0m] Started OpenBSD Secure Shell server.
[[0;32m  OK  [0m] Created slice User Slice of vagrant.
         Starting User Manager for UID 1000...
[[0;32m  OK  [0m] Started Session 1 of user vagrant.
[[0;32m  OK  [0m] Started User Manager for UID 1000.
         Stopping User Manager for UID 1000...
[[0;32m  OK  [0m] Stopped User Manager for UID 1000.
[[0;32m  OK  [0m] Removed slice User Slice of vagrant.
[[0;32m  OK  [0m] Created slice User Slice of vagrant.
         Starting User Manager for UID 1000...
[[0;32m  OK  [0m] Started Session 2 of user vagrant.
[[0;32m  OK  [0m] Started User Manager for UID 1000.

Ubuntu 16.04.7 LTS ubuntu-xenial ttyS0

ubuntu-xenial login: [   19.114293] cloud-init[1647]: Generating locales (this might take a while)...
[   20.454971] cloud-init[1647]:   en_US.UTF-8... done
[   20.456501] cloud-init[1647]: Generation complete.
[   21.025480] cloud-init[1647]: Cloud-init v. 20.3-2-g371b392c-0ubuntu1~16.04.1 running 'modules:config' at Thu, 12 Nov 2020 12:47:50 +0000. Up 18.86 seconds.
ci-info: no authorized SSH keys fingerprints found for user ubuntu.
<14>Nov 12 12:47:53 ec2: 
<14>Nov 12 12:47:53 ec2: #############################################################
<14>Nov 12 12:47:53 ec2: -----BEGIN SSH HOST KEY FINGERPRINTS-----
<14>Nov 12 12:47:53 ec2: 1024 SHA256:SmIo7xOCnG175BcBzNZTV+cibFab3wvf6MR40o09PpA root@ubuntu-xenial (DSA)
<14>Nov 12 12:47:53 ec2: 256 SHA256:+GBeRaetdyRkrGCaj6D5Me5yNwmYzdrzy2iQq3XNrb4 root@ubuntu-xenial (ECDSA)
<14>Nov 12 12:47:53 ec2: 256 SHA256:0aLnLNrWv0VTOkXMkxWbo+Flaob/JFJKj1p7L1D/rVQ root@ubuntu-xenial (ED25519)
<14>Nov 12 12:47:53 ec2: 2048 SHA256:6omLCetcL6OZjBO0ZCyN+i1ptYvXMAbCpJh/cBp97a4 root@ubuntu-xenial (RSA)
<14>Nov 12 12:47:53 ec2: -----END SSH HOST KEY FINGERPRINTS-----
<14>Nov 12 12:47:53 ec2: #############################################################
-----BEGIN SSH HOST KEY KEYS-----
ecdsa-sha2-nistp256 AAAAE2VjZHNhLXNoYTItbmlzdHAyNTYAAAAIbmlzdHAyNTYAAABBBAh3iifAgTX37Dk/8hSIS3HJsZkzKdWwCS29CQhx+ix8JihH+S7CAwpmKcbnUibis1ch70z43m9nG8wFtYhOwb0= root@ubuntu-xenial
ssh-ed25519 AAAAC3NzaC1lZDI1NTE5AAAAIII1ojcvJG8PkpeigMlKnDtdahEqbzjOWSO/KkN8pqi3 root@ubuntu-xenial
ssh-rsa AAAAB3NzaC1yc2EAAAADAQABAAABAQDBLR0YllXWCf19ANeE1HJbQFPlBRe6+3qkoRCUg3p0mHiCpoZTOMsFHMScHT4hK6bi5Z44EY3jjUNxKczHFCLAjlml3YSKkteByuDbWwY4AeQQPyH7mIXXmR1pmvUWNilyXwVMnQ69oZXey3Iogo3TcMqgqFP5A8Udf98+J2wdFCAZbLwC1P1TBqONyZdLTObZy1tJfCb9QUmCXSNLXmj2HSIRVArsGOpxITa5C2chhRUej0xClczbQdfPxfbpMibXWoWqV6D8p3gVyorai6hV6cshvE4X4eT+66L0t27CPBZcjT4XyvZqr44OTecmpGiE4rTj88nzL0pbzmQkSz6P root@ubuntu-xenial
-----END SSH HOST KEY KEYS-----
[   21.910475] cloud-init[2007]: Cloud-init v. 20.3-2-g371b392c-0ubuntu1~16.04.1 running 'modules:final' at Thu, 12 Nov 2020 12:47:53 +0000. Up 21.58 seconds.
[   21.915593] cloud-init[2007]: ci-info: no authorized SSH keys fingerprints found for user ubuntu.
[   21.920207] cloud-init[2007]: Cloud-init v. 20.3-2-g371b392c-0ubuntu1~16.04.1 finished at Thu, 12 Nov 2020 12:47:53 +0000. Datasource DataSourceNoCloud [seed=/dev/sdb][dsmode=net].  Up 21.89 seconds
